{
  "uid" : "83916e34b2abe919",
  "name" : "test_failure",
  "fullName" : "test_basic#test_failure",
  "historyId" : "d941bd9ed78229e9f1c8e00795c8a8d8",
  "time" : {
    "start" : 1587454109920,
    "stop" : 1587454109920,
    "duration" : 0
  },
  "description" : "this test fails",
  "descriptionHtml" : "<p>this test fails</p>\n",
  "status" : "failed",
  "statusMessage" : "AssertionError: assert False",
  "statusTrace" : "def test_failure():\n        \"\"\"this test fails\"\"\"\n>       assert False\nE       assert False\n\ntest_basic.py:11: AssertionError",
  "flaky" : false,
  "newFailed" : false,
  "beforeStages" : [ ],
  "afterStages" : [ ],
  "labels" : [ {
    "name" : "suite",
    "value" : "test_basic"
  }, {
    "name" : "host",
    "value" : "pinrongdeMacBook-Pro.local"
  }, {
    "name" : "thread",
    "value" : "83258-MainThread"
  }, {
    "name" : "framework",
    "value" : "pytest"
  }, {
    "name" : "language",
    "value" : "cpython3"
  }, {
    "name" : "package",
    "value" : "test_basic"
  }, {
    "name" : "resultFormat",
    "value" : "allure2"
  } ],
  "parameters" : [ ],
  "links" : [ ],
  "hidden" : true,
  "retry" : true,
  "extra" : {
    "categories" : [ ],
    "tags" : [ ]
  },
  "source" : "83916e34b2abe919.json",
  "parameterValues" : [ ]
}