{
  "uid" : "85a392fdd3d5f895",
  "name" : "test_failure",
  "fullName" : "test_basic#test_failure",
  "historyId" : "d941bd9ed78229e9f1c8e00795c8a8d8",
  "time" : {
    "start" : 1587459254878,
    "stop" : 1587459254878,
    "duration" : 0
  },
  "description" : "this test fails",
  "descriptionHtml" : "<p>this test fails</p>\n",
  "status" : "failed",
  "statusMessage" : "AssertionError: assert False",
  "statusTrace" : "def test_failure():\n        \"\"\"this test fails\"\"\"\n>       assert False\nE       assert False\n\ntest_basic.py:11: AssertionError",
  "flaky" : false,
  "newFailed" : false,
  "beforeStages" : [ ],
  "afterStages" : [ ],
  "labels" : [ {
    "name" : "suite",
    "value" : "test_basic"
  }, {
    "name" : "host",
    "value" : "pinrongdeMacBook-Pro.local"
  }, {
    "name" : "thread",
    "value" : "87398-MainThread"
  }, {
    "name" : "framework",
    "value" : "pytest"
  }, {
    "name" : "language",
    "value" : "cpython3"
  }, {
    "name" : "package",
    "value" : "test_basic"
  }, {
    "name" : "resultFormat",
    "value" : "allure2"
  } ],
  "parameters" : [ ],
  "links" : [ ],
  "hidden" : false,
  "retry" : false,
  "extra" : {
    "severity" : "normal",
    "retries" : [ {
      "uid" : "fc126913c9092a8f",
      "status" : "failed",
      "statusDetails" : "AssertionError: assert False",
      "time" : {
        "start" : 1587458911046,
        "stop" : 1587458911046,
        "duration" : 0
      }
    }, {
      "uid" : "83916e34b2abe919",
      "status" : "failed",
      "statusDetails" : "AssertionError: assert False",
      "time" : {
        "start" : 1587454109920,
        "stop" : 1587454109920,
        "duration" : 0
      }
    } ],
    "categories" : [ {
      "name" : "Product defects",
      "matchedStatuses" : [ ],
      "flaky" : false
    } ],
    "history" : {
      "statistic" : {
        "failed" : 3,
        "broken" : 0,
        "skipped" : 0,
        "passed" : 0,
        "unknown" : 0,
        "total" : 3
      },
      "items" : [ {
        "uid" : "7e194b784ca75a79",
        "status" : "failed",
        "statusDetails" : "AssertionError: assert False",
        "time" : {
          "start" : 1587458911046,
          "stop" : 1587458911046,
          "duration" : 0
        }
      }, {
        "uid" : "2adc40ac986c52e4",
        "status" : "failed",
        "statusDetails" : "AssertionError: assert False",
        "time" : {
          "start" : 1587454109920,
          "stop" : 1587454109920,
          "duration" : 0
        }
      } ]
    },
    "tags" : [ ]
  },
  "source" : "85a392fdd3d5f895.json",
  "parameterValues" : [ ]
}